Using pre-set license
Built from '2022.3/staging' branch; Version is '2022.3.17f1 (4fc78088f837) revision 5228416'; Using compiler version '192829333'; Build Type 'Release'
OS: 'Windows 11  (10.0.22631) 64bit Professional' Language: 'en' Physical Memory: 32678 MB
BatchMode: 1, IsHumanControllingUs: 0, StartBugReporterOnCrash: 0, Is64bit: 1, IsPro: 1

COMMAND LINE ARGUMENTS:
C:\Program Files\Unity\Hub\Editor\2022.3.17f1\Editor\Unity.exe
-adb2
-batchMode
-noUpm
-name
AssetImportWorker3
-projectPath
F:/Projects/World Domination
-logFile
Logs/AssetImportWorker3.log
-srvPort
50557
Successfully changed project path to: F:/Projects/World Domination
F:/Projects/World Domination
[UnityMemory] Configuration Parameters - Can be set up in boot.config
    "memorysetup-bucket-allocator-granularity=16"
    "memorysetup-bucket-allocator-bucket-count=8"
    "memorysetup-bucket-allocator-block-size=33554432"
    "memorysetup-bucket-allocator-block-count=8"
    "memorysetup-main-allocator-block-size=16777216"
    "memorysetup-thread-allocator-block-size=16777216"
    "memorysetup-gfx-main-allocator-block-size=16777216"
    "memorysetup-gfx-thread-allocator-block-size=16777216"
    "memorysetup-cache-allocator-block-size=4194304"
    "memorysetup-typetree-allocator-block-size=2097152"
    "memorysetup-profiler-bucket-allocator-granularity=16"
    "memorysetup-profiler-bucket-allocator-bucket-count=8"
    "memorysetup-profiler-bucket-allocator-block-size=33554432"
    "memorysetup-profiler-bucket-allocator-block-count=8"
    "memorysetup-profiler-allocator-block-size=16777216"
    "memorysetup-profiler-editor-allocator-block-size=1048576"
    "memorysetup-temp-allocator-size-main=16777216"
    "memorysetup-job-temp-allocator-block-size=2097152"
    "memorysetup-job-temp-allocator-block-size-background=1048576"
    "memorysetup-job-temp-allocator-reduction-small-platforms=262144"
    "memorysetup-allocator-temp-initial-block-size-main=262144"
    "memorysetup-allocator-temp-initial-block-size-worker=262144"
    "memorysetup-temp-allocator-size-background-worker=32768"
    "memorysetup-temp-allocator-size-job-worker=262144"
    "memorysetup-temp-allocator-size-preload-manager=33554432"
    "memorysetup-temp-allocator-size-nav-mesh-worker=65536"
    "memorysetup-temp-allocator-size-audio-worker=65536"
    "memorysetup-temp-allocator-size-cloud-worker=32768"
    "memorysetup-temp-allocator-size-gi-baking-worker=262144"
    "memorysetup-temp-allocator-size-gfx=262144"
Player connection [49872] Host "[IP] 26.112.8.235 [Port] 0 [Flags] 2 [Guid] 3364519929 [EditorId] 3364519929 [Version] 1048832 [Id] WindowsEditor(7,DESKTOP-JU7QK4F) [Debug] 1 [PackageName] WindowsEditor [ProjectName] Editor" joined multi-casting on [225.0.0.222:54997]...

Player connection [49872] Host "[IP] 26.112.8.235 [Port] 0 [Flags] 2 [Guid] 3364519929 [EditorId] 3364519929 [Version] 1048832 [Id] WindowsEditor(7,DESKTOP-JU7QK4F) [Debug] 1 [PackageName] WindowsEditor [ProjectName] Editor" joined alternative multi-casting on [225.0.0.222:34997]...

[Physics::Module] Initialized MultithreadedJobDispatcher with 11 workers.
Refreshing native plugins compatible for Editor in 20.78 ms, found 5 plugins.
Preloading 0 native plugins for Editor in 0.00 ms.
Initialize engine version: 2022.3.17f1 (4fc78088f837)
[Subsystems] Discovering subsystems at path C:/Program Files/Unity/Hub/Editor/2022.3.17f1/Editor/Data/Resources/UnitySubsystems
[Subsystems] Discovering subsystems at path F:/Projects/World Domination/Assets
GfxDevice: creating device client; threaded=0; jobified=0
Direct3D:
    Version:  Direct3D 11.0 [level 11.1]
    Renderer: NVIDIA GeForce GTX 1080 (ID=0x1b80)
    Vendor:   NVIDIA
    VRAM:     8073 MB
    Driver:   31.0.15.4633
Initialize mono
Mono path[0] = 'C:/Program Files/Unity/Hub/Editor/2022.3.17f1/Editor/Data/Managed'
Mono path[1] = 'C:/Program Files/Unity/Hub/Editor/2022.3.17f1/Editor/Data/MonoBleedingEdge/lib/mono/unityjit-win32'
Mono config path = 'C:/Program Files/Unity/Hub/Editor/2022.3.17f1/Editor/Data/MonoBleedingEdge/etc'
Using monoOptions --debugger-agent=transport=dt_socket,embedding=1,server=y,suspend=n,address=127.0.0.1:56060
Begin MonoManager ReloadAssembly
Registering precompiled unity dll's ...
Register platform support module: C:/Program Files/Unity/Hub/Editor/2022.3.17f1/Editor/Data/PlaybackEngines/AndroidPlayer/UnityEditor.Android.Extensions.dll
Register platform support module: C:/Program Files/Unity/Hub/Editor/2022.3.17f1/Editor/Data/PlaybackEngines/WindowsStandaloneSupport/UnityEditor.WindowsStandalone.Extensions.dll
Registered in 0.008311 seconds.
- Loaded All Assemblies, in  0.435 seconds
Native extension for WindowsStandalone target not found
Native extension for Android target not found
Android Extension - Scanning For ADB Devices 249 ms
Mono: successfully reloaded assembly
- Finished resetting the current domain, in  0.653 seconds
Domain Reload Profiling: 1086ms
	BeginReloadAssembly (134ms)
		ExecutionOrderSort (0ms)
		DisableScriptedObjects (0ms)
		BackupInstance (0ms)
		ReleaseScriptingObjects (0ms)
		CreateAndSetChildDomain (1ms)
	RebuildCommonClasses (41ms)
	RebuildNativeTypeToScriptingClass (12ms)
	initialDomainReloadingComplete (65ms)
	LoadAllAssembliesAndSetupDomain (181ms)
		LoadAssemblies (133ms)
		RebuildTransferFunctionScriptingTraits (0ms)
		AnalyzeDomain (178ms)
			TypeCache.Refresh (177ms)
				TypeCache.ScanAssembly (160ms)
			ScanForSourceGeneratedMonoScriptInfo (0ms)
			ResolveRequiredComponents (1ms)
	FinalizeReload (653ms)
		ReleaseScriptCaches (0ms)
		RebuildScriptCaches (0ms)
		SetupLoadedEditorAssemblies (585ms)
			LogAssemblyErrors (0ms)
			InitializePlatformSupportModulesInManaged (394ms)
			SetLoadedEditorAssemblies (4ms)
			RefreshPlugins (0ms)
			BeforeProcessingInitializeOnLoad (3ms)
			ProcessInitializeOnLoadAttributes (131ms)
			ProcessInitializeOnLoadMethodAttributes (52ms)
			AfterProcessingInitializeOnLoad (0ms)
			EditorAssembliesLoaded (0ms)
		ExecutionOrderSort2 (0ms)
		AwakeInstancesAfterBackupRestoration (0ms)
========================================================================
Worker process is ready to serve import requests
Begin MonoManager ReloadAssembly
Symbol file LoadedFromMemory is not a mono symbol file
- Loaded All Assemblies, in  0.644 seconds
Refreshing native plugins compatible for Editor in 13.41 ms, found 5 plugins.
Native extension for WindowsStandalone target not found
Native extension for Android target not found
Package Manager log level set to [2]
[Package Manager] Server::EnsureServerProcessIsRunning -- launch failed, reason: Unity was launched with the -noUpm command-line argument
[Package Manager] UpmClient::Send -- Unable to send message (not connected to UPM process).
[Package Manager] Cannot connect to Unity Package Manager local server
Mono: successfully reloaded assembly
- Finished resetting the current domain, in  0.703 seconds
Domain Reload Profiling: 1345ms
	BeginReloadAssembly (153ms)
		ExecutionOrderSort (0ms)
		DisableScriptedObjects (6ms)
		BackupInstance (0ms)
		ReleaseScriptingObjects (0ms)
		CreateAndSetChildDomain (22ms)
	RebuildCommonClasses (34ms)
	RebuildNativeTypeToScriptingClass (11ms)
	initialDomainReloadingComplete (44ms)
	LoadAllAssembliesAndSetupDomain (398ms)
		LoadAssemblies (337ms)
		RebuildTransferFunctionScriptingTraits (0ms)
		AnalyzeDomain (145ms)
			TypeCache.Refresh (123ms)
				TypeCache.ScanAssembly (101ms)
			ScanForSourceGeneratedMonoScriptInfo (17ms)
			ResolveRequiredComponents (5ms)
	FinalizeReload (704ms)
		ReleaseScriptCaches (0ms)
		RebuildScriptCaches (0ms)
		SetupLoadedEditorAssemblies (510ms)
			LogAssemblyErrors (0ms)
			InitializePlatformSupportModulesInManaged (28ms)
			SetLoadedEditorAssemblies (4ms)
			RefreshPlugins (0ms)
			BeforeProcessingInitializeOnLoad (74ms)
			ProcessInitializeOnLoadAttributes (349ms)
			ProcessInitializeOnLoadMethodAttributes (48ms)
			AfterProcessingInitializeOnLoad (7ms)
			EditorAssembliesLoaded (0ms)
		ExecutionOrderSort2 (0ms)
		AwakeInstancesAfterBackupRestoration (6ms)
Launched and connected shader compiler UnityShaderCompiler.exe after 0.04 seconds
Refreshing native plugins compatible for Editor in 14.99 ms, found 5 plugins.
Preloading 0 native plugins for Editor in 0.00 ms.
Unloading 2613 Unused Serialized files (Serialized files now loaded: 0)
Unloading 124 unused Assets / (105.7 KB). Loaded Objects now: 3012.
Memory consumption went from 132.5 MB to 132.4 MB.
Total: 3.483900 ms (FindLiveObjects: 0.230200 ms CreateObjectMapping: 0.157600 ms MarkObjects: 2.827300 ms  DeleteObjects: 0.267600 ms)

AssetImportParameters requested are different than current active one (requested -> active):
  custom:video-decoder-webm-vp8: 9c59270c3fd7afecdb556c50c9e8de78 -> 
  custom:SearchIndexIgnoredProperties: e643bd26f0fe6173181afceb89e7c659 -> 
  custom:container-demuxer-ogg: 62fdf1f143b41e24485cea50d1cbac27 -> 
  custom:AudioImporter_EditorPlatform: d09bf68614088b80899f8185d706f6e7 -> 
  custom:video-codec-MediaFoundation-h265: 746d11721c4dcdbdad8f713fa42b33f4 -> 
  custom:video-decoder-ogg-theora: a1e56fd34408186e4bbccfd4996cb3dc -> 
  custom:framework-win-MediaFoundation: 216162199b28c13a410421893ffa2e32 -> 
  custom:video-encoder-webm-vp8: eb34c28f22e8b96e1ab97ce403110664 -> 
  custom:audio-decoder-ogg-vorbis: bf7c407c2cedff20999df2af8eb42d56 -> 
  custom:CustomObjectIndexerAttribute: 6d391050e5a25f67b0a2c618074f2cd9 -> 
  custom:container-demuxer-webm: 4f35f7cbe854078d1ac9338744f61a02 -> 
  custom:audio-encoder-webm-vorbis: bf7c407c2cedff20999df2af8eb42d56 -> 
  custom:container-muxer-webm: aa71ff27fc2769a1b78a27578f13a17b -> 
========================================================================
Received Import Request.
  Time since last request: 946638.217151 seconds.
  path: Assets/TowerDefenseAssets/Textures/artillery-tower.psd
  artifactKey: Guid(280f00932d7e94d5cadac860b2173abc) Importer(815301076,1909f56bfc062723c751e8b465ee728b)
Start importing Assets/TowerDefenseAssets/Textures/artillery-tower.psd using Guid(280f00932d7e94d5cadac860b2173abc) Importer(815301076,1909f56bfc062723c751e8b465ee728b)  -> (artifact id: '40facca663d76d1c059cc5701a1f79b8') in 0.061421 seconds
Number of updated asset objects reloaded before import = 0
Number of asset objects unloaded after import = 2
========================================================================
Received Import Request.
  Time since last request: 0.000013 seconds.
  path: Assets/TowerDefenseAssets/Textures/barracks.psd
  artifactKey: Guid(5680cf1b1083148b9b5890ace1cc7439) Importer(815301076,1909f56bfc062723c751e8b465ee728b)
Start importing Assets/TowerDefenseAssets/Textures/barracks.psd using Guid(5680cf1b1083148b9b5890ace1cc7439) Importer(815301076,1909f56bfc062723c751e8b465ee728b)  -> (artifact id: '9f0c990696f5147d3d2392e3e12cffc0') in 0.016574 seconds
Number of updated asset objects reloaded before import = 0
Number of asset objects unloaded after import = 2
========================================================================
Received Import Request.
  Time since last request: 0.000018 seconds.
  path: Assets/TowerDefenseAssets/Textures/props.psd
  artifactKey: Guid(5f95c4d01fe2d4c369290ce1fd8f47c5) Importer(815301076,1909f56bfc062723c751e8b465ee728b)
Start importing Assets/TowerDefenseAssets/Textures/props.psd using Guid(5f95c4d01fe2d4c369290ce1fd8f47c5) Importer(815301076,1909f56bfc062723c751e8b465ee728b)  -> (artifact id: '7c18ef3e2e8fbc85d62ffa2c277bda99') in 0.017216 seconds
Number of updated asset objects reloaded before import = 0
Number of asset objects unloaded after import = 2
========================================================================
Received Prepare
Begin MonoManager ReloadAssembly
Symbol file LoadedFromMemory is not a mono symbol file
- Loaded All Assemblies, in  0.635 seconds
Refreshing native plugins compatible for Editor in 13.69 ms, found 5 plugins.
Native extension for WindowsStandalone target not found
Native extension for Android target not found
[Package Manager] Server::EnsureServerProcessIsRunning -- launch failed, reason: Unity was launched with the -noUpm command-line argument
[Package Manager] UpmClient::Send -- Unable to send message (not connected to UPM process).
[Package Manager] Cannot connect to Unity Package Manager local server
Mono: successfully reloaded assembly
- Finished resetting the current domain, in  1.039 seconds
Domain Reload Profiling: 1674ms
	BeginReloadAssembly (327ms)
		ExecutionOrderSort (0ms)
		DisableScriptedObjects (8ms)
		BackupInstance (0ms)
		ReleaseScriptingObjects (0ms)
		CreateAndSetChildDomain (30ms)
	RebuildCommonClasses (44ms)
	RebuildNativeTypeToScriptingClass (12ms)
	initialDomainReloadingComplete (33ms)
	LoadAllAssembliesAndSetupDomain (218ms)
		LoadAssemblies (293ms)
		RebuildTransferFunctionScriptingTraits (0ms)
		AnalyzeDomain (11ms)
			TypeCache.Refresh (5ms)
				TypeCache.ScanAssembly (0ms)
			ScanForSourceGeneratedMonoScriptInfo (0ms)
			ResolveRequiredComponents (5ms)
	FinalizeReload (1040ms)
		ReleaseScriptCaches (0ms)
		RebuildScriptCaches (0ms)
		SetupLoadedEditorAssemblies (555ms)
			LogAssemblyErrors (0ms)
			InitializePlatformSupportModulesInManaged (29ms)
			SetLoadedEditorAssemblies (5ms)
			RefreshPlugins (0ms)
			BeforeProcessingInitializeOnLoad (79ms)
			ProcessInitializeOnLoadAttributes (388ms)
			ProcessInitializeOnLoadMethodAttributes (47ms)
			AfterProcessingInitializeOnLoad (7ms)
			EditorAssembliesLoaded (0ms)
		ExecutionOrderSort2 (0ms)
		AwakeInstancesAfterBackupRestoration (7ms)
Refreshing native plugins compatible for Editor in 15.45 ms, found 5 plugins.
Preloading 0 native plugins for Editor in 0.00 ms.
Unloading 2571 Unused Serialized files (Serialized files now loaded: 0)
Unloading 115 unused Assets / (78.7 KB). Loaded Objects now: 3018.
Memory consumption went from 124.1 MB to 124.1 MB.
Total: 3.038300 ms (FindLiveObjects: 0.226500 ms CreateObjectMapping: 0.156800 ms MarkObjects: 2.530700 ms  DeleteObjects: 0.123400 ms)

Prepare: number of updated asset objects reloaded= 0
AssetImportParameters requested are different than current active one (requested -> active):
  custom:video-decoder-webm-vp8: 9c59270c3fd7afecdb556c50c9e8de78 -> 
  custom:SearchIndexIgnoredProperties: e643bd26f0fe6173181afceb89e7c659 -> 
  custom:container-demuxer-ogg: 62fdf1f143b41e24485cea50d1cbac27 -> 
  custom:AudioImporter_EditorPlatform: d09bf68614088b80899f8185d706f6e7 -> 
  custom:video-codec-MediaFoundation-h265: 746d11721c4dcdbdad8f713fa42b33f4 -> 
  custom:video-decoder-ogg-theora: a1e56fd34408186e4bbccfd4996cb3dc -> 
  custom:framework-win-MediaFoundation: 216162199b28c13a410421893ffa2e32 -> 
  custom:video-encoder-webm-vp8: eb34c28f22e8b96e1ab97ce403110664 -> 
  custom:audio-decoder-ogg-vorbis: bf7c407c2cedff20999df2af8eb42d56 -> 
  custom:CustomObjectIndexerAttribute: 6d391050e5a25f67b0a2c618074f2cd9 -> 
  custom:container-demuxer-webm: 4f35f7cbe854078d1ac9338744f61a02 -> 
  custom:audio-encoder-webm-vorbis: bf7c407c2cedff20999df2af8eb42d56 -> 
  custom:container-muxer-webm: aa71ff27fc2769a1b78a27578f13a17b -> 
========================================================================
Received Import Request.
  Time since last request: 93.074059 seconds.
  path: Assets/Prefabs/Tower.prefab
  artifactKey: Guid(7eddc38234c58f74eb5d964e18799805) Importer(815301076,1909f56bfc062723c751e8b465ee728b)
Start importing Assets/Prefabs/Tower.prefab using Guid(7eddc38234c58f74eb5d964e18799805) Importer(815301076,1909f56bfc062723c751e8b465ee728b)  -> (artifact id: '2f6c688ea56b96aae76c5e0cde67808b') in 0.109368 seconds
Number of updated asset objects reloaded before import = 0
Number of asset objects unloaded after import = 270
========================================================================
Received Prepare
Begin MonoManager ReloadAssembly
Symbol file LoadedFromMemory is not a mono symbol file
- Loaded All Assemblies, in  0.598 seconds
Refreshing native plugins compatible for Editor in 14.15 ms, found 5 plugins.
Native extension for WindowsStandalone target not found
Native extension for Android target not found
[Package Manager] Server::EnsureServerProcessIsRunning -- launch failed, reason: Unity was launched with the -noUpm command-line argument
[Package Manager] UpmClient::Send -- Unable to send message (not connected to UPM process).
[Package Manager] Cannot connect to Unity Package Manager local server
Mono: successfully reloaded assembly
- Finished resetting the current domain, in  0.965 seconds
Domain Reload Profiling: 1562ms
	BeginReloadAssembly (314ms)
		ExecutionOrderSort (0ms)
		DisableScriptedObjects (6ms)
		BackupInstance (0ms)
		ReleaseScriptingObjects (0ms)
		CreateAndSetChildDomain (32ms)
	RebuildCommonClasses (33ms)
	RebuildNativeTypeToScriptingClass (12ms)
	initialDomainReloadingComplete (31ms)
	LoadAllAssembliesAndSetupDomain (206ms)
		LoadAssemblies (273ms)
		RebuildTransferFunctionScriptingTraits (0ms)
		AnalyzeDomain (11ms)
			TypeCache.Refresh (5ms)
				TypeCache.ScanAssembly (0ms)
			ScanForSourceGeneratedMonoScriptInfo (0ms)
			ResolveRequiredComponents (5ms)
	FinalizeReload (966ms)
		ReleaseScriptCaches (0ms)
		RebuildScriptCaches (0ms)
		SetupLoadedEditorAssemblies (525ms)
			LogAssemblyErrors (0ms)
			InitializePlatformSupportModulesInManaged (26ms)
			SetLoadedEditorAssemblies (4ms)
			RefreshPlugins (0ms)
			BeforeProcessingInitializeOnLoad (79ms)
			ProcessInitializeOnLoadAttributes (361ms)
			ProcessInitializeOnLoadMethodAttributes (46ms)
			AfterProcessingInitializeOnLoad (8ms)
			EditorAssembliesLoaded (0ms)
		ExecutionOrderSort2 (0ms)
		AwakeInstancesAfterBackupRestoration (8ms)
Refreshing native plugins compatible for Editor in 16.68 ms, found 5 plugins.
Preloading 0 native plugins for Editor in 0.00 ms.
Unloading 2571 Unused Serialized files (Serialized files now loaded: 0)
Unloading 115 unused Assets / (78.6 KB). Loaded Objects now: 3029.
Memory consumption went from 126.7 MB to 126.7 MB.
Total: 2.959000 ms (FindLiveObjects: 0.245100 ms CreateObjectMapping: 0.203900 ms MarkObjects: 2.386900 ms  DeleteObjects: 0.122200 ms)

Prepare: number of updated asset objects reloaded= 0
AssetImportParameters requested are different than current active one (requested -> active):
  custom:video-decoder-webm-vp8: 9c59270c3fd7afecdb556c50c9e8de78 -> 
  custom:SearchIndexIgnoredProperties: e643bd26f0fe6173181afceb89e7c659 -> 
  custom:container-demuxer-ogg: 62fdf1f143b41e24485cea50d1cbac27 -> 
  custom:AudioImporter_EditorPlatform: d09bf68614088b80899f8185d706f6e7 -> 
  custom:video-codec-MediaFoundation-h265: 746d11721c4dcdbdad8f713fa42b33f4 -> 
  custom:video-decoder-ogg-theora: a1e56fd34408186e4bbccfd4996cb3dc -> 
  custom:framework-win-MediaFoundation: 216162199b28c13a410421893ffa2e32 -> 
  custom:video-encoder-webm-vp8: eb34c28f22e8b96e1ab97ce403110664 -> 
  custom:audio-decoder-ogg-vorbis: bf7c407c2cedff20999df2af8eb42d56 -> 
  custom:CustomObjectIndexerAttribute: 6d391050e5a25f67b0a2c618074f2cd9 -> 
  custom:container-demuxer-webm: 4f35f7cbe854078d1ac9338744f61a02 -> 
  custom:audio-encoder-webm-vorbis: bf7c407c2cedff20999df2af8eb42d56 -> 
  custom:container-muxer-webm: aa71ff27fc2769a1b78a27578f13a17b -> 
========================================================================
Received Import Request.
  Time since last request: 181.713671 seconds.
  path: Assets/TowerDefenseAssets/Meshes/archer-tower-01.fbx
  artifactKey: Guid(6a9e8a4e341124cbabc0f3919badb55e) Importer(815301076,1909f56bfc062723c751e8b465ee728b)
Start importing Assets/TowerDefenseAssets/Meshes/archer-tower-01.fbx using Guid(6a9e8a4e341124cbabc0f3919badb55e) Importer(815301076,1909f56bfc062723c751e8b465ee728b)  -> (artifact id: '7419a1932330e39775a53de440b3a8ce') in 0.144830 seconds
Number of updated asset objects reloaded before import = 0
Number of asset objects unloaded after import = 8
========================================================================
Received Import Request.
  Time since last request: 0.000034 seconds.
  path: Assets/TowerDefenseAssets/Meshes/archer-tower-02.fbx
  artifactKey: Guid(7c40bf3699aac4f8fa4007c825d73fa9) Importer(815301076,1909f56bfc062723c751e8b465ee728b)
Start importing Assets/TowerDefenseAssets/Meshes/archer-tower-02.fbx using Guid(7c40bf3699aac4f8fa4007c825d73fa9) Importer(815301076,1909f56bfc062723c751e8b465ee728b)  -> (artifact id: '37a08cedb99f60c71d14d6a6e2468d78') in 0.022422 seconds
Number of updated asset objects reloaded before import = 0
Number of asset objects unloaded after import = 8
========================================================================
Received Import Request.
  Time since last request: 0.000030 seconds.
  path: Assets/TowerDefenseAssets/Meshes/wizard.fbx
  artifactKey: Guid(1793ccdfe9f3442e3b97322260bbf2c0) Importer(815301076,1909f56bfc062723c751e8b465ee728b)
Start importing Assets/TowerDefenseAssets/Meshes/wizard.fbx using Guid(1793ccdfe9f3442e3b97322260bbf2c0) Importer(815301076,1909f56bfc062723c751e8b465ee728b)  -> (artifact id: '71f2f09d247f37673ba073557067cc89') in 0.020639 seconds
Number of updated asset objects reloaded before import = 0
Number of asset objects unloaded after import = 9
========================================================================
Received Import Request.
  Time since last request: 0.000016 seconds.
  path: Assets/TowerDefenseAssets/Meshes/flag-green.fbx
  artifactKey: Guid(2965ffcad678d47529469b6c74b0237d) Importer(815301076,1909f56bfc062723c751e8b465ee728b)
Start importing Assets/TowerDefenseAssets/Meshes/flag-green.fbx using Guid(2965ffcad678d47529469b6c74b0237d) Importer(815301076,1909f56bfc062723c751e8b465ee728b)  -> (artifact id: '8620e1dd0fd2de453b519c66b97ad6dc') in 0.021410 seconds
Number of updated asset objects reloaded before import = 0
Number of asset objects unloaded after import = 8
========================================================================
Received Import Request.
  Time since last request: 0.000021 seconds.
  path: Assets/TowerDefenseAssets/Meshes/barracks-01.fbx
  artifactKey: Guid(3d0e69954f3704cb3b0ea37f2ec622c8) Importer(815301076,1909f56bfc062723c751e8b465ee728b)
Start importing Assets/TowerDefenseAssets/Meshes/barracks-01.fbx using Guid(3d0e69954f3704cb3b0ea37f2ec622c8) Importer(815301076,1909f56bfc062723c751e8b465ee728b)  -> (artifact id: '49c22fc50f8614d1c51a22a8ca4cc9a7') in 0.019631 seconds
Number of updated asset objects reloaded before import = 0
Number of asset objects unloaded after import = 8
========================================================================
Received Import Request.
  Time since last request: 0.000016 seconds.
  path: Assets/TowerDefenseAssets/Meshes/road-split.fbx
  artifactKey: Guid(021a8dbafe5fa4329940aead469de2a4) Importer(815301076,1909f56bfc062723c751e8b465ee728b)
Start importing Assets/TowerDefenseAssets/Meshes/road-split.fbx using Guid(021a8dbafe5fa4329940aead469de2a4) Importer(815301076,1909f56bfc062723c751e8b465ee728b)  -> (artifact id: '8e59ca1dc43da4ad16b7758bf363c123') in 0.023424 seconds
Number of updated asset objects reloaded before import = 0
Number of asset objects unloaded after import = 8
========================================================================
Received Import Request.
  Time since last request: 0.000014 seconds.
  path: Assets/TowerDefenseAssets/Meshes/rock-02.fbx
  artifactKey: Guid(bfcec8c4185664b38b93f1912ab41be1) Importer(815301076,1909f56bfc062723c751e8b465ee728b)
Start importing Assets/TowerDefenseAssets/Meshes/rock-02.fbx using Guid(bfcec8c4185664b38b93f1912ab41be1) Importer(815301076,1909f56bfc062723c751e8b465ee728b)  -> (artifact id: '45ea0b8a60c36ae93bb7ce0699dabf1d') in 0.024024 seconds
Number of updated asset objects reloaded before import = 0
Number of asset objects unloaded after import = 8
========================================================================
Received Import Request.
  Time since last request: 0.000020 seconds.
  path: Assets/TowerDefenseAssets/Meshes/rock-01.fbx
  artifactKey: Guid(83eae530f67e64e829550ddb47ea28cf) Importer(815301076,1909f56bfc062723c751e8b465ee728b)
Start importing Assets/TowerDefenseAssets/Meshes/rock-01.fbx using Guid(83eae530f67e64e829550ddb47ea28cf) Importer(815301076,1909f56bfc062723c751e8b465ee728b)  -> (artifact id: 'b413edded70b646b5c8abd754dedc8fb') in 0.020446 seconds
Number of updated asset objects reloaded before import = 0
Number of asset objects unloaded after import = 8
========================================================================
Received Import Request.
  Time since last request: 0.000015 seconds.
  path: Assets/TowerDefenseAssets/Meshes/rocket.fbx
  artifactKey: Guid(d85545b30859a494d944bb3862c28130) Importer(815301076,1909f56bfc062723c751e8b465ee728b)
Start importing Assets/TowerDefenseAssets/Meshes/rocket.fbx using Guid(d85545b30859a494d944bb3862c28130) Importer(815301076,1909f56bfc062723c751e8b465ee728b)  -> (artifact id: '21f6c510c6aba77b2a1776af1ff7d2d6') in 0.025279 seconds
Number of updated asset objects reloaded before import = 0
Number of asset objects unloaded after import = 8
========================================================================
Received Import Request.
  Time since last request: 0.000019 seconds.
  path: Assets/TowerDefenseAssets/Meshes/barracks-02.fbx
  artifactKey: Guid(8d72e7b70b7eb469cad63663182142a8) Importer(815301076,1909f56bfc062723c751e8b465ee728b)
Start importing Assets/TowerDefenseAssets/Meshes/barracks-02.fbx using Guid(8d72e7b70b7eb469cad63663182142a8) Importer(815301076,1909f56bfc062723c751e8b465ee728b)  -> (artifact id: 'b61021809b3584ba451cf63d99160137') in 0.020442 seconds
Number of updated asset objects reloaded before import = 0
Number of asset objects unloaded after import = 8
========================================================================
Received Import Request.
  Time since last request: 0.000031 seconds.
  path: Assets/TowerDefenseAssets/Meshes/magic-tower-02.fbx
  artifactKey: Guid(0638afd87d59e4d06b20a989d2a4e98d) Importer(815301076,1909f56bfc062723c751e8b465ee728b)
Start importing Assets/TowerDefenseAssets/Meshes/magic-tower-02.fbx using Guid(0638afd87d59e4d06b20a989d2a4e98d) Importer(815301076,1909f56bfc062723c751e8b465ee728b)  -> (artifact id: '5e14553e7d7136e72b948c62f15bbbfa') in 0.023854 seconds
Number of updated asset objects reloaded before import = 0
Number of asset objects unloaded after import = 8
========================================================================
Received Import Request.
  Time since last request: 0.000025 seconds.
  path: Assets/TowerDefenseAssets/Meshes/artillery-tower-02.fbx
  artifactKey: Guid(c95d4eb84daf8424ea2c2856f9cfdfc4) Importer(815301076,1909f56bfc062723c751e8b465ee728b)
Start importing Assets/TowerDefenseAssets/Meshes/artillery-tower-02.fbx using Guid(c95d4eb84daf8424ea2c2856f9cfdfc4) Importer(815301076,1909f56bfc062723c751e8b465ee728b)  -> (artifact id: 'bc6ef404c536929ed749c0e9015763ce') in 0.024456 seconds
Number of updated asset objects reloaded before import = 0
Number of asset objects unloaded after import = 8
========================================================================
Received Import Request.
  Time since last request: 0.000028 seconds.
  path: Assets/TowerDefenseAssets/Meshes/road-intersection.fbx
  artifactKey: Guid(b77bd07c37968428f9158f11ee436cfe) Importer(815301076,1909f56bfc062723c751e8b465ee728b)
Start importing Assets/TowerDefenseAssets/Meshes/road-intersection.fbx using Guid(b77bd07c37968428f9158f11ee436cfe) Importer(815301076,1909f56bfc062723c751e8b465ee728b)  -> (artifact id: 'bbbe0bad886e5ea1542960b603cea70b') in 0.020125 seconds
Number of updated asset objects reloaded before import = 0
Number of asset objects unloaded after import = 8
========================================================================
Received Import Request.
  Time since last request: 0.000021 seconds.
  path: Assets/TowerDefenseAssets/Meshes/magic-tower-01.fbx
  artifactKey: Guid(18a3dfd266dbc44b3b95e52b5dd6d46a) Importer(815301076,1909f56bfc062723c751e8b465ee728b)
Start importing Assets/TowerDefenseAssets/Meshes/magic-tower-01.fbx using Guid(18a3dfd266dbc44b3b95e52b5dd6d46a) Importer(815301076,1909f56bfc062723c751e8b465ee728b)  -> (artifact id: '2c9cdb2ddd02a300aad4c200efe3cb80') in 0.029414 seconds
Number of updated asset objects reloaded before import = 0
Number of asset objects unloaded after import = 8
========================================================================
Received Import Request.
  Time since last request: 0.000017 seconds.
  path: Assets/TowerDefenseAssets/Meshes/barracks-03.fbx
  artifactKey: Guid(11f6e0b2194f84ee99fd7237197ebb04) Importer(815301076,1909f56bfc062723c751e8b465ee728b)
Start importing Assets/TowerDefenseAssets/Meshes/barracks-03.fbx using Guid(11f6e0b2194f84ee99fd7237197ebb04) Importer(815301076,1909f56bfc062723c751e8b465ee728b)  -> (artifact id: '9158a78caf4366d3d35e5c6e917cde54') in 0.018314 seconds
Number of updated asset objects reloaded before import = 0
Number of asset objects unloaded after import = 8
========================================================================
Received Prepare
Begin MonoManager ReloadAssembly
Symbol file LoadedFromMemory is not a mono symbol file
- Loaded All Assemblies, in  0.689 seconds
Refreshing native plugins compatible for Editor in 16.00 ms, found 5 plugins.
Native extension for WindowsStandalone target not found
Native extension for Android target not found
[Package Manager] Server::EnsureServerProcessIsRunning -- launch failed, reason: Unity was launched with the -noUpm command-line argument
[Package Manager] UpmClient::Send -- Unable to send message (not connected to UPM process).
[Package Manager] Cannot connect to Unity Package Manager local server
Mono: successfully reloaded assembly
- Finished resetting the current domain, in  1.113 seconds
Domain Reload Profiling: 1808ms
	BeginReloadAssembly (374ms)
		ExecutionOrderSort (0ms)
		DisableScriptedObjects (8ms)
		BackupInstance (0ms)
		ReleaseScriptingObjects (0ms)
		CreateAndSetChildDomain (44ms)
	RebuildCommonClasses (41ms)
	RebuildNativeTypeToScriptingClass (12ms)
	initialDomainReloadingComplete (30ms)
	LoadAllAssembliesAndSetupDomain (231ms)
		LoadAssemblies (315ms)
		RebuildTransferFunctionScriptingTraits (0ms)
		AnalyzeDomain (12ms)
			TypeCache.Refresh (6ms)
				TypeCache.ScanAssembly (0ms)
			ScanForSourceGeneratedMonoScriptInfo (0ms)
			ResolveRequiredComponents (5ms)
	FinalizeReload (1120ms)
		ReleaseScriptCaches (0ms)
		RebuildScriptCaches (0ms)
		SetupLoadedEditorAssemblies (589ms)
			LogAssemblyErrors (0ms)
			InitializePlatformSupportModulesInManaged (30ms)
			SetLoadedEditorAssemblies (5ms)
			RefreshPlugins (0ms)
			BeforeProcessingInitializeOnLoad (84ms)
			ProcessInitializeOnLoadAttributes (408ms)
			ProcessInitializeOnLoadMethodAttributes (52ms)
			AfterProcessingInitializeOnLoad (8ms)
			EditorAssembliesLoaded (0ms)
		ExecutionOrderSort2 (0ms)
		AwakeInstancesAfterBackupRestoration (9ms)
Refreshing native plugins compatible for Editor in 18.39 ms, found 5 plugins.
Preloading 0 native plugins for Editor in 0.00 ms.
Unloading 2571 Unused Serialized files (Serialized files now loaded: 0)
Unloading 115 unused Assets / (78.6 KB). Loaded Objects now: 3067.
Memory consumption went from 129.0 MB to 129.0 MB.
Total: 4.046100 ms (FindLiveObjects: 0.391000 ms CreateObjectMapping: 0.319400 ms MarkObjects: 3.210300 ms  DeleteObjects: 0.123300 ms)

Prepare: number of updated asset objects reloaded= 0
AssetImportParameters requested are different than current active one (requested -> active):
  custom:video-decoder-webm-vp8: 9c59270c3fd7afecdb556c50c9e8de78 -> 
  custom:SearchIndexIgnoredProperties: e643bd26f0fe6173181afceb89e7c659 -> 
  custom:container-demuxer-ogg: 62fdf1f143b41e24485cea50d1cbac27 -> 
  custom:AudioImporter_EditorPlatform: d09bf68614088b80899f8185d706f6e7 -> 
  custom:video-codec-MediaFoundation-h265: 746d11721c4dcdbdad8f713fa42b33f4 -> 
  custom:video-decoder-ogg-theora: a1e56fd34408186e4bbccfd4996cb3dc -> 
  custom:framework-win-MediaFoundation: 216162199b28c13a410421893ffa2e32 -> 
  custom:video-encoder-webm-vp8: eb34c28f22e8b96e1ab97ce403110664 -> 
  custom:audio-decoder-ogg-vorbis: bf7c407c2cedff20999df2af8eb42d56 -> 
  custom:CustomObjectIndexerAttribute: 6d391050e5a25f67b0a2c618074f2cd9 -> 
  custom:container-demuxer-webm: 4f35f7cbe854078d1ac9338744f61a02 -> 
  custom:audio-encoder-webm-vorbis: bf7c407c2cedff20999df2af8eb42d56 -> 
  custom:container-muxer-webm: aa71ff27fc2769a1b78a27578f13a17b -> 
Editor requested this worker to shutdown with reason: Scaling down because of idle timeout
TcpMessagingSession - receive error: operation aborted. errorcode: 995, details: The I/O operation has been aborted because of either a thread exit or an application request.
AssetImportWorker is now disconnected from the server
Process exiting
Exiting without the bug reporter. Application will terminate with return code 0